This file contains any messages produced by compilers while
running configure, to aid debugging if configure makes a mistake.

It was created by configure, which was
generated by GNU Autoconf 2.59.  Invocation command line was

  $ ../config/configure 

## --------- ##
## Platform. ##
## --------- ##

hostname = Dantooine.local
uname -m = i386
uname -r = 10.5.0
uname -s = Darwin
uname -v = Darwin Kernel Version 10.5.0: Fri Nov  5 23:20:39 PDT 2010; root:xnu-1504.9.17~1/RELEASE_I386

/usr/bin/uname -p = i386
/bin/uname -X     = unknown

/bin/arch              = unknown
/usr/bin/arch -k       = unknown
/usr/convex/getsysinfo = unknown
hostinfo               = Mach kernel version:
	 Darwin Kernel Version 10.5.0: Fri Nov  5 23:20:39 PDT 2010; root:xnu-1504.9.17~1/RELEASE_I386
Kernel configured for up to 2 processors.
2 processors are physically available.
2 processors are logically available.
Processor type: i486 (Intel 80486)
Processors active: 0 1
Primary memory available: 4.00 gigabytes
Default processor set: 96 tasks, 486 threads, 2 processors
Load average: 0.96, Mach factor: 1.23
/bin/machine           = unknown
/usr/bin/oslevel       = unknown
/bin/universe          = unknown

PATH: /opt/local/bin
PATH: /opt/local/sbin
PATH: /opt/local/bin
PATH: /opt/local/sbin
PATH: /usr/bin
PATH: /bin
PATH: /usr/sbin
PATH: /sbin
PATH: /usr/local/bin
PATH: /usr/local/git/bin
PATH: /usr/X11/bin


## ----------- ##
## Core tests. ##
## ----------- ##

configure:1543: result: /Users/MAC/Desktop/Dev/VM/cog-osx/src
configure:1560: checking sanity of generated src directory
configure:1564: result: bad

## ---------------- ##
## Cache variables. ##
## ---------------- ##

ac_cv_env_CC_set=
ac_cv_env_CC_value=
ac_cv_env_CFLAGS_set=
ac_cv_env_CFLAGS_value=
ac_cv_env_CPPFLAGS_set=
ac_cv_env_CPPFLAGS_value=
ac_cv_env_CPP_set=
ac_cv_env_CPP_value=
ac_cv_env_CXXCPP_set=
ac_cv_env_CXXCPP_value=
ac_cv_env_CXXFLAGS_set=
ac_cv_env_CXXFLAGS_value=
ac_cv_env_CXX_set=
ac_cv_env_CXX_value=
ac_cv_env_F77_set=
ac_cv_env_F77_value=
ac_cv_env_FFLAGS_set=
ac_cv_env_FFLAGS_value=
ac_cv_env_LDFLAGS_set=
ac_cv_env_LDFLAGS_value=
ac_cv_env_build_alias_set=
ac_cv_env_build_alias_value=
ac_cv_env_host_alias_set=
ac_cv_env_host_alias_value=
ac_cv_env_target_alias_set=
ac_cv_env_target_alias_value=

## ----------------- ##
## Output variables. ##
## ----------------- ##

ALLOCA=''
AR=''
AS=''
AWK=''
CC=''
CFLAGS=''
CPP=''
CPPFLAGS=''
CXX=''
CXXCPP=''
CXXFLAGS=''
DEFS=''
ECHO='echo'
ECHO_C=''
ECHO_N='-n'
ECHO_T=''
EGREP=''
EXEEXT=''
F77=''
FFLAGS=''
HAVE_INTERP_H=''
HAVE_LANGINFO_CODESET=''
HAVE_NANOSLEEP=''
INCLUDES=''
INSTALL_DATA=''
INSTALL_PROGRAM=''
INSTALL_SCRIPT=''
INTERP=''
LD=''
LDFLAGS=''
LIBM_CFLAGS=''
LIBOBJS=''
LIBS=''
LIBTOOL=''
LIB_UUID=''
LN=''
LN_S=''
LTLIBOBJS=''
NM=''
OBJEXT=''
PACKAGE_BUGREPORT=''
PACKAGE_NAME=''
PACKAGE_STRING=''
PACKAGE_TARNAME=''
PACKAGE_VERSION=''
PATH_SEPARATOR=':'
RANLIB=''
SED=''
SET_MAKE=''
SHELL='/bin/sh'
SQ_LIBDIR=''
SQ_MAJOR='3'
SQ_MINOR='9a'
SQ_UPDATE='7024'
SQ_VERSION=''
STRIP=''
VM_APP_ICONS=''
VM_MAJOR='3'
VM_MINOR='9'
VM_RELEASE='7'
VM_VERSION=''
WFLAGS=''
X_CFLAGS=''
X_CPPFLAGS=''
X_EXTRA_LIBS=''
X_INCLUDES=''
X_LIBS=''
X_PRE_LIBS=''
ac_ct_AR=''
ac_ct_CC=''
ac_ct_CXX=''
ac_ct_F77=''
ac_ct_RANLIB=''
ac_ct_STRIP=''
bindir='${exec_prefix}/bin'
blddir='/Users/MAC/Desktop/Dev/VM/cog-osx/platforms/unix/bld'
build=''
build_alias=''
build_cpu=''
build_os=''
build_vendor=''
cfgdir='/Users/MAC/Desktop/Dev/VM/cog-osx/platforms/unix/config'
datadir='${prefix}/share'
exec_prefix='NONE'
expanded_relative_imgdir=''
ext_modules=''
ext_plugins=''
host=''
host_alias=''
host_cpu=''
host_os=''
host_vendor=''
imgdir=''
includedir='${prefix}/include'
infodir='${prefix}/info'
install_nps=''
int_modules=''
int_plugins=''
libdir='${exec_prefix}/lib'
libexecdir='${exec_prefix}/libexec'
localstatedir='${prefix}/var'
mandir='${prefix}/man'
npsqueak=''
oldincludedir='/usr/include'
plgdir=''
prefix='NONE'
program_transform_name='s,x,x,'
sbindir='${exec_prefix}/sbin'
sharedstatedir='${prefix}/com'
sysconfdir='${prefix}/etc'
target_alias=''
topdir='/Users/MAC/Desktop/Dev/VM/cog-osx'
uninstall_nps=''
vmmcfg='/Users/MAC/Desktop/Dev/VM/cog-osx/platforms/unix/bld'
vmmdir='/Users/MAC/Desktop/Dev/VM/cog-osx/src'

## ------------- ##
## Output files. ##
## ------------- ##

Makefile_deb=''
Makefile_dist=''
Makefile_install=''
Makefile_rpm=''
make_cfg=''
make_ext=''
make_int=''
make_prg=''

## ----------- ##
## confdefs.h. ##
## ----------- ##

#define PACKAGE_BUGREPORT ""
#define PACKAGE_NAME ""
#define PACKAGE_STRING ""
#define PACKAGE_TARNAME ""
#define PACKAGE_VERSION ""

configure: exit 1
